2023-03-16 23:30:55,393 [Worker-0: Loading available Gradle versions] INFO  o.e.b.c.i.u.g.PublishedGradleVersions - Gradle version information cache is up-to-date. Trying to read.
2023-03-16 23:31:45,369 [Worker-30: Launching mavenrun-2e494e7d-64ba-43e6-b6f4-9c1d9fb2ad12] INFO  o.eclipse.m2e.core.internal.Bundles - getClasspathEntries(Bundle=org.eclipse.m2e.maven.runtime_3.8.701.20230209-1606 [607])
2023-03-16 23:31:45,374 [Worker-30: Launching mavenrun-2e494e7d-64ba-43e6-b6f4-9c1d9fb2ad12] INFO  o.eclipse.m2e.core.internal.Bundles - 	Entry: C:\Users\RITIK SHARMA\.p2\pool\plugins\org.eclipse.m2e.maven.runtime_3.8.701.20230209-1606
2023-03-16 23:31:45,375 [Worker-30: Launching mavenrun-2e494e7d-64ba-43e6-b6f4-9c1d9fb2ad12] INFO  o.eclipse.m2e.core.internal.Bundles - 	Entry: C:\Users\RITIK SHARMA\.p2\pool\plugins\org.eclipse.m2e.maven.runtime_3.8.701.20230209-1606\jars\aether-connector-okhttp-0.17.8.jar
2023-03-16 23:31:45,376 [Worker-30: Launching mavenrun-2e494e7d-64ba-43e6-b6f4-9c1d9fb2ad12] INFO  o.eclipse.m2e.core.internal.Bundles - 	Entry: C:\Users\RITIK SHARMA\.p2\pool\plugins\org.eclipse.m2e.maven.runtime_3.8.701.20230209-1606\jars\commons-lang3-3.8.1.jar
2023-03-16 23:31:45,377 [Worker-30: Launching mavenrun-2e494e7d-64ba-43e6-b6f4-9c1d9fb2ad12] INFO  o.eclipse.m2e.core.internal.Bundles - 	Entry: C:\Users\RITIK SHARMA\.p2\pool\plugins\org.eclipse.m2e.maven.runtime_3.8.701.20230209-1606\jars\guice-4.2.2-no_aop.jar
2023-03-16 23:31:45,377 [Worker-30: Launching mavenrun-2e494e7d-64ba-43e6-b6f4-9c1d9fb2ad12] INFO  o.eclipse.m2e.core.internal.Bundles - 	Entry: C:\Users\RITIK SHARMA\.p2\pool\plugins\org.eclipse.m2e.maven.runtime_3.8.701.20230209-1606\jars\jansi-2.4.0.jar
2023-03-16 23:31:45,378 [Worker-30: Launching mavenrun-2e494e7d-64ba-43e6-b6f4-9c1d9fb2ad12] INFO  o.eclipse.m2e.core.internal.Bundles - 	Entry: C:\Users\RITIK SHARMA\.p2\pool\plugins\org.eclipse.m2e.maven.runtime_3.8.701.20230209-1606\jars\maven-artifact-3.8.7.jar
2023-03-16 23:31:45,378 [Worker-30: Launching mavenrun-2e494e7d-64ba-43e6-b6f4-9c1d9fb2ad12] INFO  o.eclipse.m2e.core.internal.Bundles - 	Entry: C:\Users\RITIK SHARMA\.p2\pool\plugins\org.eclipse.m2e.maven.runtime_3.8.701.20230209-1606\jars\maven-builder-support-3.8.7.jar
2023-03-16 23:31:45,378 [Worker-30: Launching mavenrun-2e494e7d-64ba-43e6-b6f4-9c1d9fb2ad12] INFO  o.eclipse.m2e.core.internal.Bundles - 	Entry: C:\Users\RITIK SHARMA\.p2\pool\plugins\org.eclipse.m2e.maven.runtime_3.8.701.20230209-1606\jars\maven-compat-3.8.7.jar
2023-03-16 23:31:45,379 [Worker-30: Launching mavenrun-2e494e7d-64ba-43e6-b6f4-9c1d9fb2ad12] INFO  o.eclipse.m2e.core.internal.Bundles - 	Entry: C:\Users\RITIK SHARMA\.p2\pool\plugins\org.eclipse.m2e.maven.runtime_3.8.701.20230209-1606\jars\maven-core-3.8.7.jar
2023-03-16 23:31:45,379 [Worker-30: Launching mavenrun-2e494e7d-64ba-43e6-b6f4-9c1d9fb2ad12] INFO  o.eclipse.m2e.core.internal.Bundles - 	Entry: C:\Users\RITIK SHARMA\.p2\pool\plugins\org.eclipse.m2e.maven.runtime_3.8.701.20230209-1606\jars\maven-embedder-3.8.7.jar
2023-03-16 23:31:45,379 [Worker-30: Launching mavenrun-2e494e7d-64ba-43e6-b6f4-9c1d9fb2ad12] INFO  o.eclipse.m2e.core.internal.Bundles - 	Entry: C:\Users\RITIK SHARMA\.p2\pool\plugins\org.eclipse.m2e.maven.runtime_3.8.701.20230209-1606\jars\maven-model-3.8.7.jar
2023-03-16 23:31:45,379 [Worker-30: Launching mavenrun-2e494e7d-64ba-43e6-b6f4-9c1d9fb2ad12] INFO  o.eclipse.m2e.core.internal.Bundles - 	Entry: C:\Users\RITIK SHARMA\.p2\pool\plugins\org.eclipse.m2e.maven.runtime_3.8.701.20230209-1606\jars\maven-model-builder-3.8.7.jar
2023-03-16 23:31:45,380 [Worker-30: Launching mavenrun-2e494e7d-64ba-43e6-b6f4-9c1d9fb2ad12] INFO  o.eclipse.m2e.core.internal.Bundles - 	Entry: C:\Users\RITIK SHARMA\.p2\pool\plugins\org.eclipse.m2e.maven.runtime_3.8.701.20230209-1606\jars\maven-plugin-api-3.8.7.jar
2023-03-16 23:31:45,380 [Worker-30: Launching mavenrun-2e494e7d-64ba-43e6-b6f4-9c1d9fb2ad12] INFO  o.eclipse.m2e.core.internal.Bundles - 	Entry: C:\Users\RITIK SHARMA\.p2\pool\plugins\org.eclipse.m2e.maven.runtime_3.8.701.20230209-1606\jars\maven-repository-metadata-3.8.7.jar
2023-03-16 23:31:45,380 [Worker-30: Launching mavenrun-2e494e7d-64ba-43e6-b6f4-9c1d9fb2ad12] INFO  o.eclipse.m2e.core.internal.Bundles - 	Entry: C:\Users\RITIK SHARMA\.p2\pool\plugins\org.eclipse.m2e.maven.runtime_3.8.701.20230209-1606\jars\maven-resolver-api-1.6.3.jar
2023-03-16 23:31:45,381 [Worker-30: Launching mavenrun-2e494e7d-64ba-43e6-b6f4-9c1d9fb2ad12] INFO  o.eclipse.m2e.core.internal.Bundles - 	Entry: C:\Users\RITIK SHARMA\.p2\pool\plugins\org.eclipse.m2e.maven.runtime_3.8.701.20230209-1606\jars\maven-resolver-connector-basic-1.6.3.jar
2023-03-16 23:31:45,381 [Worker-30: Launching mavenrun-2e494e7d-64ba-43e6-b6f4-9c1d9fb2ad12] INFO  o.eclipse.m2e.core.internal.Bundles - 	Entry: C:\Users\RITIK SHARMA\.p2\pool\plugins\org.eclipse.m2e.maven.runtime_3.8.701.20230209-1606\jars\maven-resolver-impl-1.6.3.jar
2023-03-16 23:31:45,381 [Worker-30: Launching mavenrun-2e494e7d-64ba-43e6-b6f4-9c1d9fb2ad12] INFO  o.eclipse.m2e.core.internal.Bundles - 	Entry: C:\Users\RITIK SHARMA\.p2\pool\plugins\org.eclipse.m2e.maven.runtime_3.8.701.20230209-1606\jars\maven-resolver-provider-3.8.7.jar
2023-03-16 23:31:45,381 [Worker-30: Launching mavenrun-2e494e7d-64ba-43e6-b6f4-9c1d9fb2ad12] INFO  o.eclipse.m2e.core.internal.Bundles - 	Entry: C:\Users\RITIK SHARMA\.p2\pool\plugins\org.eclipse.m2e.maven.runtime_3.8.701.20230209-1606\jars\maven-resolver-spi-1.6.3.jar
2023-03-16 23:31:45,382 [Worker-30: Launching mavenrun-2e494e7d-64ba-43e6-b6f4-9c1d9fb2ad12] INFO  o.eclipse.m2e.core.internal.Bundles - 	Entry: C:\Users\RITIK SHARMA\.p2\pool\plugins\org.eclipse.m2e.maven.runtime_3.8.701.20230209-1606\jars\maven-resolver-transport-wagon-1.6.3.jar
2023-03-16 23:31:45,382 [Worker-30: Launching mavenrun-2e494e7d-64ba-43e6-b6f4-9c1d9fb2ad12] INFO  o.eclipse.m2e.core.internal.Bundles - 	Entry: C:\Users\RITIK SHARMA\.p2\pool\plugins\org.eclipse.m2e.maven.runtime_3.8.701.20230209-1606\jars\maven-resolver-util-1.6.3.jar
2023-03-16 23:31:45,382 [Worker-30: Launching mavenrun-2e494e7d-64ba-43e6-b6f4-9c1d9fb2ad12] INFO  o.eclipse.m2e.core.internal.Bundles - 	Entry: C:\Users\RITIK SHARMA\.p2\pool\plugins\org.eclipse.m2e.maven.runtime_3.8.701.20230209-1606\jars\maven-settings-3.8.7.jar
2023-03-16 23:31:45,383 [Worker-30: Launching mavenrun-2e494e7d-64ba-43e6-b6f4-9c1d9fb2ad12] INFO  o.eclipse.m2e.core.internal.Bundles - 	Entry: C:\Users\RITIK SHARMA\.p2\pool\plugins\org.eclipse.m2e.maven.runtime_3.8.701.20230209-1606\jars\maven-settings-builder-3.8.7.jar
2023-03-16 23:31:45,383 [Worker-30: Launching mavenrun-2e494e7d-64ba-43e6-b6f4-9c1d9fb2ad12] INFO  o.eclipse.m2e.core.internal.Bundles - 	Entry: C:\Users\RITIK SHARMA\.p2\pool\plugins\org.eclipse.m2e.maven.runtime_3.8.701.20230209-1606\jars\maven-shared-utils-3.3.4.jar
2023-03-16 23:31:45,384 [Worker-30: Launching mavenrun-2e494e7d-64ba-43e6-b6f4-9c1d9fb2ad12] INFO  o.eclipse.m2e.core.internal.Bundles - 	Entry: C:\Users\RITIK SHARMA\.p2\pool\plugins\org.eclipse.m2e.maven.runtime_3.8.701.20230209-1606\jars\okhttp-3.14.1.jar
2023-03-16 23:31:45,384 [Worker-30: Launching mavenrun-2e494e7d-64ba-43e6-b6f4-9c1d9fb2ad12] INFO  o.eclipse.m2e.core.internal.Bundles - 	Entry: C:\Users\RITIK SHARMA\.p2\pool\plugins\org.eclipse.m2e.maven.runtime_3.8.701.20230209-1606\jars\okio-1.17.3.jar
2023-03-16 23:31:45,384 [Worker-30: Launching mavenrun-2e494e7d-64ba-43e6-b6f4-9c1d9fb2ad12] INFO  o.eclipse.m2e.core.internal.Bundles - 	Entry: C:\Users\RITIK SHARMA\.p2\pool\plugins\org.eclipse.m2e.maven.runtime_3.8.701.20230209-1606\jars\org.eclipse.sisu.inject-0.3.5.jar
2023-03-16 23:31:45,385 [Worker-30: Launching mavenrun-2e494e7d-64ba-43e6-b6f4-9c1d9fb2ad12] INFO  o.eclipse.m2e.core.internal.Bundles - 	Entry: C:\Users\RITIK SHARMA\.p2\pool\plugins\org.eclipse.m2e.maven.runtime_3.8.701.20230209-1606\jars\org.eclipse.sisu.plexus-0.3.5.jar
2023-03-16 23:31:45,385 [Worker-30: Launching mavenrun-2e494e7d-64ba-43e6-b6f4-9c1d9fb2ad12] INFO  o.eclipse.m2e.core.internal.Bundles - 	Entry: C:\Users\RITIK SHARMA\.p2\pool\plugins\org.eclipse.m2e.maven.runtime_3.8.701.20230209-1606\jars\plexus-build-api-0.0.7.jar
2023-03-16 23:31:45,386 [Worker-30: Launching mavenrun-2e494e7d-64ba-43e6-b6f4-9c1d9fb2ad12] INFO  o.eclipse.m2e.core.internal.Bundles - 	Entry: C:\Users\RITIK SHARMA\.p2\pool\plugins\org.eclipse.m2e.maven.runtime_3.8.701.20230209-1606\jars\plexus-cipher-2.0.jar
2023-03-16 23:31:45,387 [Worker-30: Launching mavenrun-2e494e7d-64ba-43e6-b6f4-9c1d9fb2ad12] INFO  o.eclipse.m2e.core.internal.Bundles - 	Entry: C:\Users\RITIK SHARMA\.p2\pool\plugins\org.eclipse.m2e.maven.runtime_3.8.701.20230209-1606\jars\plexus-classworlds-2.6.0.jar
2023-03-16 23:31:45,387 [Worker-30: Launching mavenrun-2e494e7d-64ba-43e6-b6f4-9c1d9fb2ad12] INFO  o.eclipse.m2e.core.internal.Bundles - 	Entry: C:\Users\RITIK SHARMA\.p2\pool\plugins\org.eclipse.m2e.maven.runtime_3.8.701.20230209-1606\jars\plexus-component-annotations-2.1.0.jar
2023-03-16 23:31:45,388 [Worker-30: Launching mavenrun-2e494e7d-64ba-43e6-b6f4-9c1d9fb2ad12] INFO  o.eclipse.m2e.core.internal.Bundles - 	Entry: C:\Users\RITIK SHARMA\.p2\pool\plugins\org.eclipse.m2e.maven.runtime_3.8.701.20230209-1606\jars\plexus-interpolation-1.26.jar
2023-03-16 23:31:45,389 [Worker-30: Launching mavenrun-2e494e7d-64ba-43e6-b6f4-9c1d9fb2ad12] INFO  o.eclipse.m2e.core.internal.Bundles - 	Entry: C:\Users\RITIK SHARMA\.p2\pool\plugins\org.eclipse.m2e.maven.runtime_3.8.701.20230209-1606\jars\plexus-sec-dispatcher-2.0.jar
2023-03-16 23:31:45,389 [Worker-30: Launching mavenrun-2e494e7d-64ba-43e6-b6f4-9c1d9fb2ad12] INFO  o.eclipse.m2e.core.internal.Bundles - 	Entry: C:\Users\RITIK SHARMA\.p2\pool\plugins\org.eclipse.m2e.maven.runtime_3.8.701.20230209-1606\jars\plexus-utils-3.3.1.jar
2023-03-16 23:31:45,390 [Worker-30: Launching mavenrun-2e494e7d-64ba-43e6-b6f4-9c1d9fb2ad12] INFO  o.eclipse.m2e.core.internal.Bundles - 	Entry: C:\Users\RITIK SHARMA\.p2\pool\plugins\org.eclipse.m2e.maven.runtime_3.8.701.20230209-1606\jars\wagon-file-3.5.3.jar
2023-03-16 23:31:45,391 [Worker-30: Launching mavenrun-2e494e7d-64ba-43e6-b6f4-9c1d9fb2ad12] INFO  o.eclipse.m2e.core.internal.Bundles - 	Entry: C:\Users\RITIK SHARMA\.p2\pool\plugins\org.eclipse.m2e.maven.runtime_3.8.701.20230209-1606\jars\wagon-provider-api-3.5.3.jar
2023-03-16 23:31:45,395 [Worker-30: Launching mavenrun-2e494e7d-64ba-43e6-b6f4-9c1d9fb2ad12] INFO  o.eclipse.m2e.core.internal.Bundles - getClasspathEntries(Bundle=com.google.guava_31.1.0.jre [11])
2023-03-16 23:31:45,396 [Worker-30: Launching mavenrun-2e494e7d-64ba-43e6-b6f4-9c1d9fb2ad12] INFO  o.eclipse.m2e.core.internal.Bundles - 	Entry: C:\Users\RITIK SHARMA\.p2\pool\plugins\com.google.guava_31.1.0.jre.jar
2023-03-16 23:31:45,396 [Worker-30: Launching mavenrun-2e494e7d-64ba-43e6-b6f4-9c1d9fb2ad12] INFO  o.eclipse.m2e.core.internal.Bundles - getClasspathEntries(Bundle=slf4j.api_1.7.36 [921])
2023-03-16 23:31:45,398 [Worker-30: Launching mavenrun-2e494e7d-64ba-43e6-b6f4-9c1d9fb2ad12] INFO  o.eclipse.m2e.core.internal.Bundles - 	Entry: C:\Users\RITIK SHARMA\.p2\pool\plugins\slf4j.api_1.7.36.jar
2023-03-16 23:31:45,398 [Worker-30: Launching mavenrun-2e494e7d-64ba-43e6-b6f4-9c1d9fb2ad12] INFO  o.eclipse.m2e.core.internal.Bundles - getClasspathEntries(Bundle=javax.inject_1.0.0.v20220405-0441 [35])
2023-03-16 23:31:45,400 [Worker-30: Launching mavenrun-2e494e7d-64ba-43e6-b6f4-9c1d9fb2ad12] INFO  o.eclipse.m2e.core.internal.Bundles - 	Entry: C:\Users\RITIK SHARMA\.p2\pool\plugins\javax.inject_1.0.0.v20220405-0441.jar
2023-03-16 23:31:45,400 [Worker-30: Launching mavenrun-2e494e7d-64ba-43e6-b6f4-9c1d9fb2ad12] INFO  o.eclipse.m2e.core.internal.Bundles - getClasspathEntries(Bundle=javax.annotation_1.3.5.v20221203-1659 [33])
2023-03-16 23:31:45,401 [Worker-30: Launching mavenrun-2e494e7d-64ba-43e6-b6f4-9c1d9fb2ad12] INFO  o.eclipse.m2e.core.internal.Bundles - 	Entry: C:\Users\RITIK SHARMA\.p2\pool\plugins\javax.annotation_1.3.5.v20221203-1659.jar
2023-03-16 23:31:45,402 [Worker-30: Launching mavenrun-2e494e7d-64ba-43e6-b6f4-9c1d9fb2ad12] INFO  o.eclipse.m2e.core.internal.Bundles - getClasspathEntries(Bundle=org.apache.commons.cli_1.4.0.v20221112-0806 [67])
2023-03-16 23:31:45,403 [Worker-30: Launching mavenrun-2e494e7d-64ba-43e6-b6f4-9c1d9fb2ad12] INFO  o.eclipse.m2e.core.internal.Bundles - 	Entry: C:\Users\RITIK SHARMA\.p2\pool\plugins\org.apache.commons.cli_1.4.0.v20221112-0806.jar
2023-03-16 23:31:45,404 [Worker-30: Launching mavenrun-2e494e7d-64ba-43e6-b6f4-9c1d9fb2ad12] INFO  o.eclipse.m2e.core.internal.Bundles - getClasspathEntries(Bundle=com.google.guava.failureaccess_1.0.1 [13])
2023-03-16 23:31:45,405 [Worker-30: Launching mavenrun-2e494e7d-64ba-43e6-b6f4-9c1d9fb2ad12] INFO  o.eclipse.m2e.core.internal.Bundles - 	Entry: C:\Users\RITIK SHARMA\.p2\pool\plugins\com.google.guava.failureaccess_1.0.1.jar
2023-03-16 23:31:45,605 [Worker-30: Launching mavenrun-2e494e7d-64ba-43e6-b6f4-9c1d9fb2ad12] INFO  o.e.m.i.launch.MavenLaunchDelegate - Run build in "C:\Users\RITIKS~1\AppData\Local\Temp\m2e-archetypeGenerator12092251068084005498":
2023-03-16 23:31:45,611 [Worker-30: Launching mavenrun-2e494e7d-64ba-43e6-b6f4-9c1d9fb2ad12] INFO  o.e.m.i.launch.MavenLaunchDelegate -  mvn  -DarchetypeGroupId=org.apache.maven.archetypes -DarchetypeArtifactId=maven-archetype-quickstart -DarchetypeVersion=1.1 -DgroupId=first -DartifactId=firstMavin -Dversion=0.0.1-SNAPSHOT -Dpackage=first.firstMavin -DoutputDirectory="E:\CODE\enclipes for enterprises" -Dstyle.color=always -U archetype:generate
